<?xml version="1.0" encoding="UTF-8"?>
<!-- Generated by org.testng.reporters.JUnitXMLReporter -->
<testsuite hostname="DESKTOP-MDH6837" name="Test" tests="20" failures="0" timestamp="2 Sep 2018 04:48:42 GMT" time="0.095" errors="0">
  <testcase name="@BeforeSuite setup_Browser" time="0.0" classname="TestNgDemo.TestNgMaven.Login_TestCase">
    <failure type="java.lang.NoClassDefFoundError" message="org/apache/http/config/RegistryBuilder">
      <![CDATA[java.lang.NoClassDefFoundError: org/apache/http/config/RegistryBuilder
	at org.openqa.selenium.remote.internal.HttpClientFactory.getClientConnectionManager(HttpClientFactory.java:69)
	at org.openqa.selenium.remote.internal.HttpClientFactory.<init>(HttpClientFactory.java:57)
	at org.openqa.selenium.remote.internal.HttpClientFactory.<init>(HttpClientFactory.java:60)
	at org.openqa.selenium.remote.internal.ApacheHttpClient$Factory.getDefaultHttpClientFactory(ApacheHttpClient.java:252)
	at org.openqa.selenium.remote.internal.ApacheHttpClient$Factory.<init>(ApacheHttpClient.java:229)
	at org.openqa.selenium.remote.HttpCommandExecutor.getDefaultClientFactory(HttpCommandExecutor.java:96)
	at org.openqa.selenium.remote.HttpCommandExecutor.<init>(HttpCommandExecutor.java:70)
	at org.openqa.selenium.remote.HttpCommandExecutor.<init>(HttpCommandExecutor.java:58)
	at org.openqa.selenium.firefox.internal.NewProfileExtensionConnection.start(NewProfileExtensionConnection.java:87)
	at org.openqa.selenium.firefox.FirefoxDriver.startClient(FirefoxDriver.java:271)
	at org.openqa.selenium.remote.RemoteWebDriver.<init>(RemoteWebDriver.java:119)
	at org.openqa.selenium.firefox.FirefoxDriver.<init>(FirefoxDriver.java:216)
	at org.openqa.selenium.firefox.FirefoxDriver.<init>(FirefoxDriver.java:211)
	at org.openqa.selenium.firefox.FirefoxDriver.<init>(FirefoxDriver.java:207)
	at org.openqa.selenium.firefox.FirefoxDriver.<init>(FirefoxDriver.java:120)
	at TestNgDemo.TestNgMaven.Login_TestCase.setup_Browser(Login_TestCase.java:25)
Caused by: java.lang.ClassNotFoundException: org.apache.http.config.RegistryBuilder
	at java.net.URLClassLoader.findClass(URLClassLoader.java:381)
	at java.lang.ClassLoader.loadClass(ClassLoader.java:424)
	at sun.misc.Launcher$AppClassLoader.loadClass(Launcher.java:335)
	at java.lang.ClassLoader.loadClass(ClassLoader.java:357)
	... 34 more
... Removed 18 stack frames]]>
    </failure>
  </testcase> <!-- @BeforeSuite setup_Browser -->
  <testcase name="Verify_Url" time="0.003" classname="TestNgDemo.TestNgMaven.Login_TestCase">
    <skipped/>
  </testcase> <!-- Verify_Url -->
  <testcase name="verifyApplicationTitle" time="0.003" classname="TestNgDemo.TestNgMaven.Login_TestCase">
    <skipped/>
  </testcase> <!-- verifyApplicationTitle -->
  <testcase name="verify_Title" time="0.001" classname="TestNgDemo.TestNgMaven.Login_TestCase">
    <skipped/>
  </testcase> <!-- verify_Title -->
  <testcase name="loginsesion" time="0.0" classname="TestNgDemo.TestNgMaven.Login_TestCase">
    <skipped/>
  </testcase> <!-- loginsesion -->
  <testcase name="Check_PlaceHolder_Username" time="0.001" classname="TestNgDemo.TestNgMaven.Login_TestCase">
    <skipped/>
  </testcase> <!-- Check_PlaceHolder_Username -->
  <testcase name="Check_PlaceHolder_Password" time="0.0" classname="TestNgDemo.TestNgMaven.Login_TestCase">
    <skipped/>
  </testcase> <!-- Check_PlaceHolder_Password -->
  <testcase name="check_Button_color" time="0.001" classname="TestNgDemo.TestNgMaven.Login_TestCase">
    <skipped/>
  </testcase> <!-- check_Button_color -->
  <testcase name="check_Links" time="0.004" classname="TestNgDemo.TestNgMaven.Login_TestCase">
    <skipped/>
  </testcase> <!-- check_Links -->
  <testcase name="blank_username_password" time="0.0" classname="TestNgDemo.TestNgMaven.Login_TestCase">
    <skipped/>
  </testcase> <!-- blank_username_password -->
  <testcase name="invalidusername_password" time="0.0" classname="TestNgDemo.TestNgMaven.Login_TestCase">
    <skipped/>
  </testcase> <!-- invalidusername_password -->
  <testcase name="validUsername_Password" time="0.0" classname="TestNgDemo.TestNgMaven.Login_TestCase">
    <skipped/>
  </testcase> <!-- validUsername_Password -->
  <testcase name="Verify_Url_DashBoard" time="0.0" classname="TestNgDemo.TestNgMaven.Login_TestCase">
    <skipped/>
  </testcase> <!-- Verify_Url_DashBoard -->
  <testcase name="verifyApplicationTitle_DashBoard" time="0.0" classname="TestNgDemo.TestNgMaven.Login_TestCase">
    <skipped/>
  </testcase> <!-- verifyApplicationTitle_DashBoard -->
  <testcase name="heading_Dashboard" time="0.0" classname="TestNgDemo.TestNgMaven.Login_TestCase">
    <skipped/>
  </testcase> <!-- heading_Dashboard -->
  <testcase name="click_OnUser" time="0.0" classname="TestNgDemo.TestNgMaven.Login_TestCase">
    <skipped/>
  </testcase> <!-- click_OnUser -->
  <testcase name="getTableData" time="0.001" classname="TestNgDemo.TestNgMaven.Login_TestCase">
    <skipped/>
  </testcase> <!-- getTableData -->
  <testcase name="Click_On_AddUser_Btn" time="0.001" classname="TestNgDemo.TestNgMaven.Login_TestCase">
    <skipped/>
  </testcase> <!-- Click_On_AddUser_Btn -->
  <testcase name="Fill_Form" time="0.0" classname="TestNgDemo.TestNgMaven.Login_TestCase">
    <skipped/>
  </testcase> <!-- Fill_Form -->
  <testcase name="clickOn_OperatorBtn" time="0.003" classname="TestNgDemo.TestNgMaven.Login_TestCase">
    <skipped/>
  </testcase> <!-- clickOn_OperatorBtn -->
  <testcase name="logOutBtn" time="0.001" classname="TestNgDemo.TestNgMaven.Login_TestCase">
    <skipped/>
  </testcase> <!-- logOutBtn -->
</testsuite> <!-- Test -->
